# JRE version: Java(TM) SE Runtime Environment 18.9 (11.0.7+8) (build 11.0.7+8-LTS)
# Java VM: Java HotSpot(TM) 64-Bit Server VM 18.9 (11.0.7+8-LTS, mixed mode, tiered, compressed oops, g1 gc, windows-amd64)
Heap:
 garbage-first heap   total 116736K, used 95907K [0x00000000d2200000, 0x0000000100000000)
  region size 1024K, 1 young (1024K), 1 survivors (1024K)
 Metaspace       used 23620K, capacity 24241K, committed 24572K, reserved 1071104K
  class space    used 2696K, capacity 2920K, committed 3068K, reserved 1048576K
GC Heap History (10 events):
Event: 63.891 GC heap before
{Heap before GC invocations=6 (full 0):
 garbage-first heap   total 47104K, used 28413K [0x00000000d2200000, 0x0000000100000000)
  region size 1024K, 7 young (7168K), 2 survivors (2048K)
 Metaspace       used 23491K, capacity 24097K, committed 24316K, reserved 1071104K
  class space    used 2684K, capacity 2915K, committed 3068K, reserved 1048576K
}
Event: 63.901 GC heap after
{Heap after GC invocations=7 (full 0):
 garbage-first heap   total 47104K, used 25223K [0x00000000d2200000, 0x0000000100000000)
  region size 1024K, 3 young (3072K), 3 survivors (3072K)
 Metaspace       used 23491K, capacity 24097K, committed 24316K, reserved 1071104K
  class space    used 2684K, capacity 2915K, committed 3068K, reserved 1048576K
}
Event: 83.742 GC heap before
{Heap before GC invocations=8 (full 0):
 garbage-first heap   total 64512K, used 42631K [0x00000000d2200000, 0x0000000100000000)
  region size 1024K, 4 young (4096K), 3 survivors (3072K)
 Metaspace       used 23541K, capacity 24103K, committed 24316K, reserved 1071104K
  class space    used 2692K, capacity 2917K, committed 3068K, reserved 1048576K
}
Event: 83.750 GC heap after
{Heap after GC invocations=9 (full 0):
 garbage-first heap   total 64512K, used 42945K [0x00000000d2200000, 0x0000000100000000)
  region size 1024K, 2 young (2048K), 2 survivors (2048K)
 Metaspace       used 23541K, capacity 24103K, committed 24316K, reserved 1071104K
  class space    used 2692K, capacity 2917K, committed 3068K, reserved 1048576K
}
Event: 85.084 GC heap before
{Heap before GC invocations=10 (full 0):
 garbage-first heap   total 64512K, used 60353K [0x00000000d2200000, 0x0000000100000000)
  region size 1024K, 3 young (3072K), 2 survivors (2048K)
 Metaspace       used 23584K, capacity 24241K, committed 24572K, reserved 1071104K
  class space    used 2696K, capacity 2920K, committed 3068K, reserved 1048576K
}
Event: 85.090 GC heap after
{Heap after GC invocations=11 (full 0):
 garbage-first heap   total 64512K, used 60693K [0x00000000d2200000, 0x0000000100000000)
  region size 1024K, 1 young (1024K), 1 survivors (1024K)
 Metaspace       used 23584K, capacity 24241K, committed 24572K, reserved 1071104K
  class space    used 2696K, capacity 2920K, committed 3068K, reserved 1048576K
}
Event: 90.572 GC heap before
{Heap before GC invocations=12 (full 0):
 garbage-first heap   total 81920K, used 78101K [0x00000000d2200000, 0x0000000100000000)
  region size 1024K, 2 young (2048K), 1 survivors (1024K)
 Metaspace       used 23605K, capacity 24241K, committed 24572K, reserved 1071104K
  class space    used 2696K, capacity 2920K, committed 3068K, reserved 1048576K
}
Event: 90.576 GC heap after
{Heap after GC invocations=13 (full 0):
 garbage-first heap   total 81920K, used 78217K [0x00000000d2200000, 0x0000000100000000)
  region size 1024K, 1 young (1024K), 1 survivors (1024K)
 Metaspace       used 23605K, capacity 24241K, committed 24572K, reserved 1071104K
  class space    used 2696K, capacity 2920K, committed 3068K, reserved 1048576K
}
Event: 94.881 GC heap before
{Heap before GC invocations=14 (full 0):
 garbage-first heap   total 99328K, used 95625K [0x00000000d2200000, 0x0000000100000000)
  region size 1024K, 2 young (2048K), 1 survivors (1024K)
 Metaspace       used 23618K, capacity 24241K, committed 24572K, reserved 1071104K
  class space    used 2696K, capacity 2920K, committed 3068K, reserved 1048576K
}
Event: 94.885 GC heap after
{Heap after GC invocations=15 (full 0):
 garbage-first heap   total 99328K, used 95907K [0x00000000d2200000, 0x0000000100000000)
  region size 1024K, 1 young (1024K), 1 survivors (1024K)
 Metaspace       used 23618K, capacity 24241K, committed 24572K, reserved 1071104K
  class space    used 2696K, capacity 2920K, committed 3068K, reserved 1048576K
}

